SF:lib/json/json_number.dart
DA:12,1
DA:18,1
DA:19,1
DA:25,1
DA:27,1
DA:28,1
DA:31,1
DA:32,2
DA:41,1
DA:43,1
LF:10
LH:10
end_of_record
SF:lib/json/json_list.dart
DA:14,1
DA:15,2
DA:22,1
DA:23,1
DA:29,1
DA:32,0
DA:35,1
DA:36,1
DA:39,1
DA:40,3
DA:41,2
DA:42,1
DA:44,1
DA:52,1
DA:54,5
DA:67,1
DA:68,1
DA:71,4
DA:72,2
DA:74,2
DA:85,1
DA:86,1
DA:87,1
DA:88,0
DA:90,4
DA:91,0
DA:93,2
LF:27
LH:24
end_of_record
SF:lib/json/json_string.dart
DA:12,1
DA:18,1
DA:20,1
DA:27,1
DA:28,1
LF:5
LH:5
end_of_record
SF:lib/json/json_double.dart
DA:26,1
DA:32,1
DA:33,1
DA:57,1
DA:60,1
DA:63,1
DA:64,1
DA:67,1
DA:68,2
DA:71,1
DA:72,2
DA:77,0
DA:79,0
DA:96,1
DA:98,1
LF:15
LH:13
end_of_record
SF:lib/json/json_boolean.dart
DA:12,1
DA:18,1
DA:20,1
DA:27,1
DA:29,1
LF:5
LH:5
end_of_record
SF:lib/json/json_model.dart
DA:33,3
DA:36,3
DA:39,3
DA:42,5
DA:45,5
DA:48,1
DA:49,4
DA:55,1
DA:57,1
DA:58,3
DA:59,2
DA:60,2
DA:61,1
DA:64,1
DA:65,2
DA:66,2
DA:67,2
DA:68,1
DA:71,1
DA:72,2
DA:73,2
DA:74,2
DA:75,1
DA:78,3
DA:79,2
DA:80,1
DA:81,1
DA:82,2
DA:83,1
DA:84,1
DA:85,1
DA:90,3
DA:91,2
DA:92,1
DA:93,1
DA:94,2
DA:95,1
DA:96,1
DA:97,1
DA:102,3
DA:103,2
DA:104,1
DA:105,1
DA:106,2
DA:107,1
DA:108,1
DA:109,1
DA:114,2
DA:115,2
DA:116,3
DA:119,3
DA:120,4
DA:123,3
DA:124,4
DA:127,3
DA:128,4
DA:138,1
DA:140,1
DA:141,2
DA:142,3
DA:143,2
DA:144,2
DA:145,2
DA:149,1
DA:150,1
DA:152,2
DA:163,1
DA:165,2
DA:178,1
DA:179,2
DA:180,2
DA:181,1
DA:184,2
DA:195,1
DA:196,2
DA:197,2
DA:198,1
DA:202,2
LF:78
LH:78
end_of_record
SF:lib/json/json_date.dart
DA:13,1
DA:14,1
DA:17,1
DA:18,1
DA:19,2
DA:20,3
DA:21,5
DA:32,1
DA:33,1
DA:34,1
DA:35,1
DA:48,1
DA:54,1
DA:56,2
DA:63,1
DA:65,1
DA:66,2
DA:69,1
DA:79,1
DA:82,1
DA:85,2
DA:92,1
DA:94,3
LF:23
LH:23
end_of_record
SF:lib/json/json_field.dart
DA:21,2
DA:24,2
DA:27,2
DA:30,2
DA:33,2
DA:42,1
DA:43,1
DA:53,1
DA:56,1
DA:57,0
DA:59,1
DA:60,3
DA:61,3
DA:68,1
DA:69,3
DA:75,1
DA:81,0
DA:82,0
LF:18
LH:15
end_of_record
SF:lib/json/json_integer.dart
DA:26,1
DA:32,1
DA:33,1
DA:57,1
DA:59,1
DA:60,1
DA:63,1
DA:64,2
DA:82,1
DA:84,1
LF:10
LH:10
end_of_record
SF:lib/json/json_object.dart
DA:14,1
DA:20,1
DA:22,1
DA:23,2
DA:25,1
DA:32,1
DA:35,0
DA:38,1
DA:39,1
DA:42,1
DA:43,2
DA:44,1
DA:45,1
DA:53,1
DA:55,2
DA:68,1
DA:69,1
DA:72,3
DA:73,2
DA:74,1
DA:77,0
DA:88,1
DA:89,1
DA:90,1
DA:91,0
DA:93,3
DA:94,2
DA:95,1
DA:99,0
LF:29
LH:25
end_of_record
SF:lib/extensions/datetime.dart
DA:6,0
DA:7,0
DA:10,0
DA:11,0
DA:14,0
DA:15,0
DA:18,0
DA:19,0
DA:22,0
DA:23,0
DA:26,0
DA:27,0
DA:30,0
DA:31,0
DA:34,0
DA:35,0
DA:36,0
DA:39,0
DA:40,0
DA:44,0
DA:45,0
DA:49,0
DA:50,0
DA:51,0
DA:52,0
DA:53,0
DA:57,0
DA:61,0
DA:63,0
DA:64,0
DA:65,0
DA:66,0
DA:70,0
DA:71,0
DA:81,1
DA:84,3
DA:90,0
DA:91,0
DA:100,0
DA:101,0
DA:102,0
DA:103,0
DA:104,0
LF:43
LH:2
end_of_record
SF:lib/supa_architecture_method_channel.dart
DA:22,1
DA:25,2
DA:29,0
DA:31,0
DA:34,0
DA:35,0
DA:37,0
DA:41,0
DA:44,0
DA:45,0
DA:46,0
LF:11
LH:2
end_of_record
SF:lib/supa_architecture_platform_interface.dart
DA:22,6
DA:24,6
DA:26,3
DA:31,2
DA:36,0
DA:37,0
DA:41,0
DA:42,0
DA:47,0
DA:50,0
DA:52,0
LF:11
LH:4
end_of_record
SF:lib/api_client/api_client.dart
DA:28,0
DA:29,0
DA:30,0
DA:31,0
DA:37,0
DA:42,0
DA:44,0
DA:47,0
DA:50,0
DA:54,0
DA:58,0
DA:59,0
DA:61,0
DA:65,0
DA:66,0
DA:67,0
DA:68,0
DA:75,0
DA:77,0
DA:79,0
DA:81,0
DA:88,0
DA:93,0
DA:95,0
DA:96,0
DA:103,0
DA:109,0
DA:110,0
DA:112,0
DA:115,0
DA:116,0
DA:123,0
DA:128,0
DA:129,0
DA:130,0
DA:132,0
DA:135,0
DA:136,0
DA:143,0
DA:148,0
DA:150,0
DA:151,0
DA:152,0
DA:154,0
DA:156,0
DA:157,0
DA:164,0
DA:169,0
DA:172,0
DA:173,0
DA:174,0
DA:176,0
DA:179,0
DA:180,0
DA:187,0
DA:192,0
DA:193,0
DA:194,0
DA:195,0
DA:197,0
DA:198,0
DA:205,0
DA:210,0
DA:213,0
DA:214,0
DA:215,0
DA:217,0
DA:220,0
DA:221,0
LF:69
LH:0
end_of_record
SF:lib/api_client/dio_exception.dart
DA:4,0
DA:5,0
DA:8,0
DA:9,0
DA:12,0
DA:13,0
DA:16,0
DA:17,0
LF:8
LH:0
end_of_record
SF:lib/api_client/http_response.dart
DA:15,0
DA:16,0
DA:17,0
DA:28,0
DA:29,0
DA:32,0
DA:33,0
DA:34,0
DA:36,0
DA:43,0
DA:44,0
DA:45,0
DA:46,0
DA:48,0
DA:49,0
DA:51,0
DA:58,0
DA:59,0
DA:60,0
DA:62,0
DA:63,0
DA:64,0
DA:66,0
DA:73,0
DA:74,0
DA:75,0
DA:77,0
DA:78,0
DA:79,0
DA:81,0
DA:88,0
DA:89,0
DA:96,0
DA:97,0
DA:98,0
DA:100,0
DA:101,0
DA:102,0
DA:105,0
DA:109,0
DA:116,0
DA:117,0
DA:118,0
DA:119,0
DA:121,0
LF:45
LH:0
end_of_record
SF:lib/api_client/interceptors/device_info_interceptor.dart
DA:9,0
DA:12,0
DA:15,0
DA:16,0
DA:17,0
DA:18,0
DA:19,0
DA:20,0
DA:24,0
LF:9
LH:0
end_of_record
SF:lib/api_client/interceptors/general_error_log_interceptor.dart
DA:11,0
DA:24,0
DA:27,0
DA:43,0
DA:46,0
DA:47,0
DA:51,0
DA:52,0
DA:55,0
DA:56,0
DA:59,0
DA:60,0
DA:63,0
DA:64,0
DA:67,0
DA:68,0
DA:72,0
DA:73,0
DA:80,0
DA:84,0
DA:85,0
DA:89,0
DA:90,0
DA:91,0
DA:93,0
DA:94,0
DA:95,0
DA:97,0
LF:28
LH:0
end_of_record
SF:lib/api_client/interceptors/language_interceptor.dart
DA:10,0
DA:13,0
DA:15,0
DA:18,0
DA:20,0
DA:22,0
DA:23,0
DA:24,0
DA:25,0
DA:26,0
DA:27,0
DA:28,0
DA:32,0
LF:13
LH:0
end_of_record
SF:lib/api_client/interceptors/persistent_url_interceptor.dart
DA:5,0
DA:7,0
DA:8,0
DA:9,0
DA:10,0
DA:11,0
DA:12,0
DA:13,0
DA:15,0
LF:9
LH:0
end_of_record
SF:lib/api_client/interceptors/refresh_interceptor.dart
DA:22,0
DA:24,0
DA:27,0
DA:29,0
DA:30,0
DA:32,0
DA:40,0
DA:43,0
DA:45,0
DA:46,0
DA:50,0
DA:51,0
DA:54,0
DA:55,0
DA:59,0
DA:66,0
DA:67,0
DA:68,0
DA:72,0
DA:73,0
DA:74,0
DA:75,0
DA:76,0
LF:23
LH:0
end_of_record
SF:lib/api_client/interceptors/timezone_interceptor.dart
DA:10,0
DA:13,0
DA:14,0
DA:15,0
DA:18,0
DA:22,0
DA:23,0
DA:24,0
DA:27,0
DA:28,0
DA:31,0
DA:32,0
DA:34,0
DA:36,0
LF:14
LH:0
end_of_record
SF:lib/core/secure_storage/secure_storage.dart
DA:9,0
DA:10,0
DA:13,0
DA:14,0
DA:15,0
DA:16,0
DA:18,0
DA:23,0
DA:28,0
DA:31,0
DA:33,0
DA:36,0
DA:40,0
DA:41,0
DA:44,0
DA:46,0
DA:51,0
DA:52,0
DA:54,0
DA:57,0
LF:20
LH:0
end_of_record
SF:lib/models/models.dart
DA:34,0
DA:35,0
DA:37,0
DA:38,0
DA:39,0
DA:40,0
DA:41,0
DA:42,0
DA:43,0
DA:44,0
DA:45,0
DA:46,0
DA:47,0
DA:48,0
DA:49,0
DA:50,0
DA:51,0
DA:52,0
DA:53,0
DA:54,0
LF:20
LH:0
end_of_record
SF:lib/supa_architecture.dart
DA:23,0
DA:24,0
DA:26,0
DA:27,0
DA:29,0
DA:30,0
LF:6
LH:0
end_of_record
SF:lib/repositories/portal_authentication_repository.dart
DA:20,0
DA:21,0
DA:23,0
DA:25,0
DA:28,0
DA:29,0
DA:35,0
DA:36,0
DA:46,0
DA:47,0
DA:48,0
DA:50,0
DA:52,0
DA:59,0
DA:61,0
DA:62,0
DA:65,0
DA:66,0
DA:67,0
DA:68,0
DA:69,0
DA:74,0
DA:75,0
DA:76,0
DA:79,0
DA:80,0
DA:81,0
DA:82,0
DA:83,0
DA:88,0
DA:89,0
DA:90,0
DA:93,0
DA:94,0
DA:95,0
DA:96,0
DA:97,0
DA:106,0
DA:109,0
DA:110,0
DA:112,0
DA:114,0
DA:115,0
DA:123,0
DA:124,0
DA:126,0
DA:127,0
DA:128,0
DA:136,0
DA:137,0
DA:138,0
DA:141,0
DA:155,0
DA:159,0
DA:161,0
DA:166,0
DA:173,0
DA:174,0
DA:185,0
DA:186,0
DA:188,0
DA:191,0
DA:198,0
DA:199,0
DA:200,0
DA:201,0
DA:211,0
DA:212,0
DA:214,0
DA:217,0
DA:227,0
DA:228,0
DA:230,0
DA:233,0
DA:240,0
DA:242,0
DA:245,0
DA:248,0
DA:250,0
DA:251,0
DA:261,0
DA:262,0
DA:264,0
DA:265,0
DA:267,0
DA:269,0
DA:270,0
DA:271,0
DA:274,0
DA:276,0
DA:277,0
DA:279,0
DA:283,0
DA:291,0
DA:293,0
DA:294,0
DA:296,0
DA:298,0
DA:299,0
DA:300,0
DA:302,0
DA:303,0
DA:304,0
DA:307,0
DA:308,0
DA:309,0
DA:310,0
DA:312,0
DA:317,0
DA:318,0
DA:319,0
DA:329,0
DA:332,0
DA:334,0
DA:346,0
DA:351,0
DA:355,0
LF:117
LH:0
end_of_record
SF:lib/blocs/authentication/authentication_event.dart
DA:5,2
DA:13,2
DA:26,0
DA:39,0
DA:48,0
DA:56,0
DA:66,2
DA:76,0
DA:80,0
DA:84,0
LF:10
LH:3
end_of_record
SF:lib/blocs/authentication/authentication_state.dart
DA:4,2
DA:6,0
DA:8,0
DA:9,0
DA:11,0
DA:13,0
DA:21,0
DA:28,0
DA:39,0
DA:44,0
DA:45,0
DA:46,0
DA:47,0
DA:48,0
DA:49,0
DA:59,0
DA:69,2
LF:17
LH:2
end_of_record
SF:lib/blocs/authentication/authentication_bloc.dart
DA:35,0
DA:39,0
DA:40,0
DA:41,0
DA:51,0
DA:57,0
DA:58,0
DA:61,0
DA:62,0
DA:63,0
DA:64,0
DA:65,0
DA:66,0
DA:67,0
DA:68,0
DA:69,0
DA:70,0
DA:71,0
DA:72,0
DA:73,0
DA:74,0
DA:75,0
DA:76,0
DA:79,0
DA:83,0
DA:84,0
DA:85,0
DA:86,0
DA:90,0
DA:94,0
DA:96,0
DA:98,0
DA:102,0
DA:106,0
DA:109,0
DA:113,0
DA:114,0
DA:115,0
DA:119,0
DA:123,0
DA:124,0
DA:125,0
DA:126,0
DA:130,0
DA:131,0
DA:132,0
DA:135,0
DA:136,0
DA:137,0
DA:142,0
DA:145,0
DA:149,0
DA:152,0
DA:153,0
DA:154,0
DA:155,0
DA:159,0
DA:163,0
DA:170,0
DA:175,0
DA:178,0
DA:180,0
DA:183,0
DA:186,0
DA:190,0
DA:191,0
DA:192,0
DA:193,0
DA:195,0
DA:198,0
DA:206,0
DA:211,0
DA:214,0
DA:219,0
DA:220,0
DA:222,0
DA:230,0
DA:235,0
DA:239,0
DA:241,0
DA:242,0
DA:243,0
DA:249,0
DA:250,0
DA:254,0
DA:257,0
DA:258,0
DA:266,0
DA:267,0
DA:268,0
DA:270,0
DA:271,0
DA:279,0
DA:284,0
DA:287,0
DA:288,0
DA:290,0
DA:298,0
DA:303,0
DA:307,0
DA:308,0
DA:310,0
DA:318,0
DA:322,0
DA:324,0
DA:327,0
DA:332,0
DA:336,0
DA:337,0
DA:339,0
DA:341,0
DA:344,0
DA:347,0
DA:351,0
DA:352,0
DA:356,0
DA:360,0
DA:362,0
DA:363,0
DA:364,0
DA:366,0
DA:367,0
DA:369,0
DA:370,0
DA:373,0
DA:374,0
DA:384,0
DA:388,0
DA:390,0
DA:391,0
DA:392,0
DA:394,0
DA:395,0
DA:397,0
DA:398,0
DA:401,0
DA:402,0
LF:137
LH:0
end_of_record
SF:lib/extensions/dotenv.dart
DA:10,0
DA:16,0
DA:18,0
DA:20,0
DA:27,0
DA:33,0
DA:39,0
DA:45,0
DA:51,0
DA:57,0
LF:10
LH:0
end_of_record
SF:lib/repositories/portal_profile_repository.dart
DA:10,0
DA:11,0
DA:12,0
DA:15,0
DA:24,0
DA:25,0
DA:26,0
DA:27,0
DA:29,0
DA:31,0
DA:32,0
DA:43,0
DA:44,0
DA:45,0
DA:46,0
DA:47,0
DA:49,0
DA:51,0
DA:52,0
DA:60,0
DA:61,0
DA:63,0
DA:64,0
DA:65,0
DA:79,0
DA:85,0
DA:87,0
DA:93,0
DA:94,0
DA:98,0
DA:99,0
DA:100,0
DA:102,0
DA:104,0
DA:105,0
DA:109,0
DA:110,0
DA:111,0
DA:113,0
DA:115,0
DA:116,0
LF:41
LH:0
end_of_record
SF:lib/widgets/atoms/go_back_button.dart
DA:8,6
DA:10,0
DA:12,0
DA:14,0
DA:15,0
DA:16,0
DA:18,0
DA:19,0
DA:21,0
LF:9
LH:1
end_of_record
SF:lib/blocs/error_handling/error_handling_state.dart
DA:18,0
DA:27,0
LF:2
LH:0
end_of_record
SF:lib/blocs/error_handling/error_handling_bloc.dart
DA:12,0
DA:15,0
DA:23,0
DA:25,0
DA:26,0
DA:27,0
DA:28,0
DA:33,0
DA:34,0
DA:35,0
DA:47,0
DA:48,0
DA:50,0
DA:51,0
DA:54,0
DA:55,0
DA:57,0
DA:58,0
DA:60,0
DA:63,0
DA:67,0
DA:69,0
DA:70,0
LF:23
LH:0
end_of_record
SF:lib/blocs/error_handling/error_handling_event.dart
DA:15,0
LF:1
LH:0
end_of_record
SF:lib/blocs/push_notification/push_notification_event.dart
DA:5,0
DA:6,0
DA:25,0
DA:26,0
DA:28,0
DA:29,0
DA:30,0
DA:31,0
DA:35,0
DA:57,0
DA:58,0
DA:60,0
DA:61,0
DA:62,0
DA:63,0
DA:67,0
DA:77,0
DA:78,0
LF:18
LH:0
end_of_record
SF:lib/blocs/push_notification/push_notification_state.dart
DA:18,0
DA:26,0
DA:27,0
DA:28,0
DA:29,0
DA:30,0
DA:31,0
DA:36,0
DA:37,0
DA:38,0
DA:39,0
DA:40,0
DA:41,0
DA:46,0
DA:52,0
DA:53,0
DA:54,0
DA:55,0
DA:56,0
DA:60,0
DA:63,0
DA:64,0
DA:65,0
DA:66,0
DA:67,0
DA:70,0
DA:71,0
DA:72,0
DA:73,0
DA:74,0
DA:75,0
DA:76,0
DA:77,0
DA:78,0
DA:79,0
DA:80,0
DA:83,0
DA:85,0
DA:91,2
DA:103,2
DA:105,0
DA:107,0
DA:117,0
DA:122,0
DA:128,0
DA:129,0
DA:139,0
DA:140,0
DA:141,0
DA:142,0
DA:143,0
DA:144,0
DA:148,0
DA:150,0
DA:152,0
DA:163,0
DA:168,0
DA:174,0
DA:175,0
DA:184,0
DA:186,0
DA:188,0
DA:205,0
DA:211,0
DA:213,0
DA:215,0
DA:216,0
DA:217,0
LF:68
LH:2
end_of_record
SF:lib/blocs/push_notification/push_notification_bloc.dart
DA:31,0
DA:32,0
DA:35,0
DA:37,0
DA:39,0
DA:40,0
DA:41,0
DA:42,0
DA:43,0
DA:45,0
DA:49,0
DA:52,0
DA:53,0
DA:54,0
DA:55,0
DA:58,0
DA:59,0
DA:60,0
DA:64,0
DA:68,0
DA:69,0
DA:72,0
DA:73,0
DA:75,0
DA:76,0
DA:80,0
DA:81,0
DA:82,0
DA:86,0
DA:88,0
DA:98,0
DA:102,0
DA:104,0
DA:108,0
DA:110,0
DA:111,0
DA:115,0
DA:117,0
DA:118,0
DA:122,0
DA:123,0
DA:124,0
DA:125,0
DA:126,0
DA:127,0
DA:132,0
DA:133,0
DA:134,0
DA:135,0
DA:136,0
DA:137,0
DA:142,0
DA:143,0
DA:144,0
DA:145,0
DA:149,0
DA:150,0
DA:152,0
DA:153,0
DA:154,0
DA:155,0
DA:156,0
DA:157,0
DA:162,0
DA:164,0
DA:169,0
DA:173,0
DA:175,0
DA:177,0
DA:178,0
DA:179,0
DA:180,0
DA:181,0
DA:187,0
DA:188,0
DA:190,0
DA:194,0
DA:198,0
DA:199,0
DA:200,0
DA:201,0
DA:202,0
DA:206,0
DA:210,0
DA:211,0
DA:212,0
DA:213,0
DA:214,0
DA:218,0
DA:222,0
LF:90
LH:0
end_of_record
SF:lib/blocs/push_notification/push_notification_payload.dart
DA:18,0
DA:26,0
DA:28,0
DA:31,0
DA:33,0
DA:35,0
DA:38,0
DA:42,0
DA:43,0
DA:44,0
DA:45,0
DA:51,0
DA:52,0
DA:53,0
DA:54,0
DA:55,0
DA:56,0
LF:17
LH:0
end_of_record
SF:lib/blocs/tenant/tenant_state.dart
DA:15,0
DA:17,0
DA:18,0
DA:26,0
DA:28,0
DA:29,0
LF:6
LH:0
end_of_record
SF:lib/blocs/tenant/tenant_bloc.dart
DA:22,0
DA:23,0
DA:24,0
DA:25,0
DA:26,0
DA:27,0
DA:31,0
DA:32,0
DA:40,0
DA:42,0
DA:43,0
DA:45,0
DA:47,0
DA:54,0
DA:56,0
DA:57,0
DA:61,0
DA:63,0
DA:67,0
DA:69,0
LF:20
LH:0
end_of_record
SF:lib/blocs/tenant/tenant_event.dart
DA:5,0
DA:7,0
DA:8,0
DA:26,0
DA:28,0
DA:29,0
LF:6
LH:0
end_of_record
SF:lib/core/device_notification_token.dart
DA:33,0
DA:46,0
DA:47,0
DA:48,0
DA:49,0
DA:50,0
DA:51,0
DA:52,0
DA:58,0
DA:59,0
DA:60,0
DA:61,0
DA:62,0
DA:63,0
DA:64,0
DA:65,0
DA:69,0
DA:70,0
DA:71,0
DA:72,0
DA:73,0
DA:74,0
DA:75,0
DA:76,0
LF:24
LH:0
end_of_record
SF:lib/models/user_notification.dart
DA:62,0
DA:63,0
DA:64,0
DA:65,0
DA:66,0
DA:67,0
DA:68,0
DA:69,0
DA:70,0
DA:71,0
DA:72,0
DA:73,0
DA:74,0
DA:75,0
DA:76,0
DA:77,0
DA:78,0
DA:79,0
DA:80,0
DA:81,0
LF:20
LH:0
end_of_record
SF:lib/repositories/utils_notification_repository.dart
DA:15,0
DA:20,0
DA:21,0
DA:22,0
DA:25,0
DA:27,0
DA:28,0
DA:29,0
DA:30,0
DA:42,0
DA:45,0
DA:46,0
DA:48,0
DA:49,0
DA:51,0
DA:52,0
DA:63,0
DA:66,0
DA:67,0
DA:69,0
DA:70,0
DA:72,0
DA:73,0
DA:84,0
DA:85,0
DA:86,0
DA:88,0
DA:90,0
DA:91,0
DA:102,0
DA:104,0
DA:105,0
DA:107,0
DA:109,0
DA:110,0
DA:121,0
DA:122,0
DA:123,0
DA:125,0
DA:127,0
DA:128,0
DA:139,0
DA:140,0
DA:141,0
DA:143,0
DA:145,0
DA:146,0
DA:157,0
DA:158,0
DA:159,0
DA:161,0
DA:163,0
DA:164,0
DA:172,0
DA:173,0
DA:175,0
DA:176,0
DA:177,0
LF:58
LH:0
end_of_record
SF:lib/models/tenant.dart
DA:12,0
DA:13,0
DA:14,0
DA:15,0
DA:16,0
DA:17,0
DA:18,0
DA:19,0
DA:20,0
DA:21,0
DA:22,0
DA:23,0
DA:24,0
DA:25,0
LF:14
LH:0
end_of_record
SF:lib/core/app_token.dart
DA:27,0
DA:36,0
DA:38,0
DA:39,0
DA:40,0
DA:42,0
DA:43,0
DA:44,0
DA:46,0
DA:47,0
DA:48,0
DA:49,0
DA:52,0
DA:53,0
DA:54,0
DA:55,0
LF:16
LH:0
end_of_record
SF:lib/core/cookie_manager/hive_cookie_manager.dart
DA:11,0
DA:12,0
DA:13,0
DA:14,0
DA:21,0
DA:24,0
DA:25,0
DA:28,0
DA:29,0
DA:30,0
DA:31,0
DA:32,0
DA:34,0
DA:35,0
DA:36,0
DA:37,0
DA:39,0
DA:41,0
DA:42,0
DA:43,0
DA:45,0
DA:46,0
DA:47,0
DA:48,0
DA:54,0
DA:56,0
DA:58,0
DA:59,0
DA:60,0
DA:61,0
DA:62,0
DA:64,0
DA:68,0
DA:70,0
DA:72,0
DA:73,0
DA:75,0
DA:76,0
DA:79,0
DA:83,0
DA:85,0
DA:86,0
DA:87,0
DA:88,0
DA:92,0
DA:94,0
DA:95,0
DA:99,0
DA:101,0
DA:105,0
DA:107,0
DA:108,0
DA:109,0
DA:110,0
DA:111,0
DA:112,0
DA:114,0
LF:57
LH:0
end_of_record
SF:lib/core/device_info.dart
DA:26,0
DA:36,0
DA:37,0
DA:40,0
DA:41,0
DA:42,0
DA:43,0
DA:45,0
DA:49,0
DA:50,0
DA:51,0
DA:52,0
DA:53,0
DA:55,0
DA:56,0
DA:57,0
DA:59,0
DA:60,0
DA:61,0
DA:62,0
DA:63,0
DA:65,0
DA:66,0
DA:67,0
DA:69,0
DA:70,0
DA:71,0
DA:72,0
DA:75,0
DA:79,0
DA:80,0
DA:81,0
DA:82,0
DA:86,0
DA:90,0
DA:91,0
DA:92,0
DA:93,0
DA:94,0
DA:96,0
DA:101,0
LF:41
LH:0
end_of_record
SF:lib/core/persistent_storage/hive_persistent_storage.dart
DA:24,0
DA:26,0
DA:29,0
DA:30,0
DA:31,0
DA:34,0
DA:35,0
DA:37,0
DA:39,0
DA:45,0
DA:47,0
DA:51,0
DA:52,0
DA:55,0
DA:56,0
DA:59,0
DA:60,0
DA:63,0
DA:65,0
DA:66,0
DA:70,0
DA:72,0
DA:76,0
DA:78,0
DA:79,0
DA:81,0
DA:84,0
DA:92,0
DA:94,0
DA:98,0
DA:99,0
DA:102,0
DA:104,0
DA:105,0
DA:107,0
DA:109,0
DA:117,0
DA:119,0
DA:123,0
DA:124,0
DA:132,0
DA:134,0
DA:136,0
DA:137,0
LF:44
LH:0
end_of_record
SF:lib/core/secure_authentication_info.dart
DA:20,0
LF:1
LH:0
end_of_record
SF:lib/core/tenant_authentication.dart
DA:18,0
LF:1
LH:0
end_of_record
SF:lib/exceptions/exceptions.dart
DA:14,0
DA:23,0
DA:24,0
DA:25,0
DA:26,0
DA:27,0
DA:29,0
DA:30,0
DA:34,0
DA:35,0
DA:36,0
DA:38,0
DA:39,0
DA:44,0
DA:49,0
DA:61,0
DA:70,0
DA:79,0
DA:88,0
DA:97,0
LF:20
LH:0
end_of_record
SF:lib/extensions/color.dart
DA:5,0
DA:6,0
DA:7,0
DA:8,0
DA:9,0
DA:13,0
DA:14,0
DA:15,0
DA:16,0
DA:17,0
DA:21,0
DA:22,0
LF:12
LH:0
end_of_record
SF:lib/extensions/infinite_scroll_pagination.dart
DA:6,0
DA:7,0
DA:8,0
DA:10,0
DA:14,0
DA:15,0
DA:16,0
DA:22,0
DA:23,0
DA:24,0
DA:27,0
DA:30,0
DA:31,0
DA:34,0
LF:14
LH:0
end_of_record
SF:lib/extensions/list.dart
DA:2,0
DA:4,0
DA:5,0
DA:6,0
DA:9,0
DA:12,0
LF:6
LH:0
end_of_record
SF:lib/extensions/money.dart
DA:4,0
DA:10,0
DA:12,0
DA:13,0
DA:14,0
DA:15,0
DA:17,0
DA:18,0
DA:20,0
DA:23,0
DA:24,0
DA:26,0
DA:27,0
DA:29,0
DA:31,0
DA:32,0
DA:33,0
DA:34,0
DA:42,0
DA:48,0
DA:50,0
DA:51,0
DA:52,0
DA:53,0
DA:55,0
DA:56,0
DA:58,0
LF:27
LH:0
end_of_record
SF:lib/extensions/number.dart
DA:2,0
DA:3,0
DA:8,0
DA:9,0
DA:12,0
DA:14,0
DA:15,0
DA:16,0
DA:18,0
DA:19,0
DA:25,0
DA:26,0
LF:12
LH:0
end_of_record
SF:lib/extensions/string.dart
DA:2,0
DA:23,0
DA:24,0
DA:25,0
DA:30,0
DA:33,0
DA:36,0
LF:7
LH:0
end_of_record
SF:lib/extensions/supa_route.dart
DA:9,0
DA:10,0
DA:11,0
DA:12,0
DA:14,0
DA:19,0
LF:6
LH:0
end_of_record
SF:lib/filters/abstract_id_filter.dart
DA:19,0
DA:21,0
DA:23,0
DA:26,0
DA:27,0
DA:29,0
DA:30,0
DA:32,0
DA:33,0
DA:35,0
DA:36,0
DA:40,0
DA:42,0
DA:43,0
DA:44,0
DA:46,0
DA:47,0
DA:49,0
DA:50,0
DA:52,0
DA:53,0
LF:21
LH:0
end_of_record
SF:lib/filters/double_filter.dart
DA:12,0
LF:1
LH:0
end_of_record
SF:lib/filters/string_filter.dart
DA:30,0
DA:33,0
DA:35,0
DA:38,0
DA:39,0
DA:41,0
DA:42,0
DA:44,0
DA:45,0
DA:47,0
DA:48,0
DA:50,0
DA:51,0
DA:53,0
DA:54,0
DA:56,0
DA:57,0
DA:62,0
DA:64,0
DA:65,0
DA:66,0
DA:68,0
DA:69,0
DA:71,0
DA:72,0
DA:74,0
DA:75,0
DA:77,0
DA:78,0
DA:80,0
DA:81,0
DA:83,0
DA:84,0
DA:86,0
DA:87,0
LF:35
LH:0
end_of_record
SF:lib/filters/guid_filter.dart
DA:12,0
LF:1
LH:0
end_of_record
SF:lib/filters/number_filter.dart
DA:12,0
LF:1
LH:0
end_of_record
SF:lib/filters/filter_field.dart
DA:64,0
DA:67,0
DA:69,0
LF:3
LH:0
end_of_record
SF:lib/filters/date_filter.dart
DA:9,0
DA:12,0
DA:14,0
DA:15,0
DA:16,0
DA:18,0
DA:19,0
DA:21,0
DA:22,0
DA:23,0
DA:25,0
DA:26,0
DA:28,0
DA:29,0
DA:31,0
DA:32,0
DA:38,0
DA:40,0
DA:44,0
DA:45,0
DA:47,0
DA:48,0
DA:50,0
DA:51,0
DA:53,0
DA:54,0
DA:56,0
DA:57,0
DA:59,0
DA:60,0
LF:30
LH:0
end_of_record
SF:lib/filters/id_filter.dart
DA:16,0
LF:1
LH:0
end_of_record
SF:lib/filters/abstract_number_filter.dart
DA:27,0
DA:30,0
DA:32,0
DA:36,0
DA:37,0
DA:39,0
DA:40,0
DA:42,0
DA:43,0
DA:45,0
DA:46,0
DA:48,0
DA:49,0
DA:51,0
DA:52,0
DA:57,0
DA:59,0
DA:60,0
DA:61,0
DA:63,0
DA:64,0
DA:66,0
DA:67,0
DA:69,0
DA:70,0
DA:72,0
DA:73,0
DA:75,0
DA:76,0
LF:29
LH:0
end_of_record
SF:lib/filters/int_filter.dart
DA:12,0
LF:1
LH:0
end_of_record
SF:lib/filters/filters.dart
DA:101,0
DA:103,0
DA:104,0
DA:105,0
DA:106,0
DA:107,0
DA:109,0
DA:110,0
DA:112,0
DA:113,0
DA:115,0
DA:116,0
DA:118,0
DA:119,0
DA:128,0
DA:130,0
DA:131,0
DA:132,0
DA:134,0
DA:135,0
DA:137,0
DA:138,0
DA:140,0
DA:141,0
DA:143,0
DA:144,0
DA:146,0
DA:147,0
DA:150,0
DA:151,0
DA:152,0
DA:159,0
DA:161,0
DA:168,0
DA:169,0
LF:35
LH:0
end_of_record
SF:lib/filters/date_filter_mixin.dart
DA:10,0
DA:11,0
DA:12,0
LF:3
LH:0
end_of_record
SF:lib/filters/global_user_filter.dart
DA:4,0
DA:5,0
DA:6,0
DA:7,0
DA:8,0
DA:9,0
DA:10,0
DA:11,0
DA:12,0
DA:13,0
DA:14,0
DA:15,0
LF:12
LH:0
end_of_record
SF:lib/forms/change_password_form.dart
DA:13,0
DA:15,0
DA:16,0
DA:18,0
DA:19,0
DA:22,0
DA:24,0
DA:25,0
DA:26,0
DA:29,0
DA:31,0
DA:32,0
DA:33,0
DA:36,0
DA:38,0
DA:39,0
DA:40,0
DA:41,0
DA:45,0
DA:46,0
DA:53,0
DA:54,0
DA:57,0
DA:58,0
DA:61,0
DA:62,0
DA:65,0
LF:27
LH:0
end_of_record
SF:lib/forms/forgot_password_form.dart
DA:6,0
DA:7,0
DA:8,0
DA:10,0
DA:11,0
DA:12,0
DA:18,0
LF:7
LH:0
end_of_record
SF:lib/forms/login_form.dart
DA:12,0
DA:13,0
DA:14,0
DA:16,0
DA:17,0
DA:20,0
DA:22,0
DA:23,0
DA:29,0
DA:30,0
DA:33,0
DA:34,0
LF:12
LH:0
end_of_record
SF:lib/forms/reset_password_form.dart
DA:6,0
DA:8,0
DA:9,0
DA:10,0
DA:12,0
DA:13,0
DA:16,0
DA:18,0
DA:19,0
DA:22,0
DA:24,0
DA:25,0
DA:26,0
DA:27,0
DA:32,0
DA:33,0
DA:41,0
DA:42,0
DA:45,0
DA:46,0
DA:49,0
LF:21
LH:0
end_of_record
SF:lib/models/enum_model.dart
DA:9,0
DA:10,0
DA:11,0
DA:12,0
DA:13,0
DA:14,0
DA:15,0
LF:7
LH:0
end_of_record
SF:lib/models/enum_model_filter.dart
DA:4,0
DA:5,0
LF:2
LH:0
end_of_record
SF:lib/models/app_user.dart
DA:14,0
DA:17,0
DA:18,0
DA:19,0
DA:20,0
DA:21,0
DA:22,0
DA:23,0
DA:24,0
DA:25,0
DA:26,0
DA:27,0
DA:28,0
DA:29,0
DA:30,0
DA:31,0
DA:32,0
DA:33,0
DA:34,0
DA:35,0
DA:36,0
DA:37,0
DA:38,0
DA:39,0
DA:40,0
DA:41,0
DA:42,0
DA:43,0
DA:93,0
DA:95,0
DA:96,0
DA:97,0
DA:98,0
DA:99,0
DA:100,0
DA:101,0
LF:36
LH:0
end_of_record
SF:lib/models/app_user_preferences.dart
DA:5,0
DA:6,0
DA:7,0
DA:8,0
DA:9,0
DA:10,0
DA:11,0
DA:12,0
DA:13,0
DA:14,0
DA:15,0
LF:11
LH:0
end_of_record
SF:lib/models/app_user_sub_system_mapping.dart
DA:20,0
DA:21,0
DA:22,0
DA:23,0
DA:24,0
DA:25,0
DA:26,0
DA:27,0
DA:28,0
LF:9
LH:0
end_of_record
SF:lib/models/current_tenant.dart
DA:6,0
DA:7,0
DA:8,0
DA:9,0
LF:4
LH:0
end_of_record
SF:lib/models/app_user_filter.dart
DA:8,0
DA:9,0
LF:2
LH:0
end_of_record
SF:lib/models/app_user_info.dart
DA:5,0
DA:6,0
DA:7,0
DA:8,0
DA:9,0
DA:10,0
DA:11,0
DA:12,0
DA:13,0
DA:14,0
DA:15,0
DA:16,0
DA:17,0
DA:18,0
DA:19,0
DA:20,0
DA:21,0
DA:22,0
DA:23,0
DA:59,0
DA:60,0
DA:61,0
DA:62,0
DA:63,0
DA:64,0
DA:65,0
DA:66,0
DA:67,0
DA:68,0
DA:69,0
DA:70,0
DA:71,0
DA:72,0
DA:73,0
DA:74,0
DA:75,0
DA:76,0
DA:77,0
DA:78,0
DA:79,0
DA:80,0
DA:81,0
DA:82,0
DA:83,0
DA:84,0
LF:45
LH:0
end_of_record
SF:lib/models/sub_system.dart
DA:10,0
DA:11,0
DA:12,0
DA:13,0
DA:14,0
LF:5
LH:0
end_of_record
SF:lib/models/attachment.dart
DA:76,0
DA:77,0
DA:78,0
DA:79,0
DA:80,0
DA:81,0
DA:82,0
DA:83,0
DA:84,0
DA:85,0
DA:86,0
DA:87,0
DA:88,0
DA:89,0
DA:92,0
DA:93,0
DA:94,0
DA:95,0
DA:96,0
DA:97,0
DA:100,0
DA:104,0
DA:106,0
DA:108,0
DA:109,0
DA:110,0
LF:26
LH:0
end_of_record
SF:lib/models/file.dart
DA:10,0
DA:11,0
DA:12,0
DA:13,0
DA:14,0
DA:15,0
DA:16,0
DA:17,0
DA:18,0
DA:19,0
LF:10
LH:0
end_of_record
SF:lib/models/image.dart
DA:18,0
DA:19,0
DA:20,0
DA:21,0
DA:22,0
DA:23,0
LF:6
LH:0
end_of_record
SF:lib/models/file_filter.dart
DA:8,0
DA:9,0
LF:2
LH:0
end_of_record
SF:lib/models/forgot_password_dto.dart
DA:25,0
DA:26,0
DA:27,0
DA:28,0
DA:29,0
DA:30,0
LF:6
LH:0
end_of_record
SF:lib/models/global_user.dart
DA:4,0
DA:5,0
DA:6,0
DA:7,0
DA:8,0
DA:9,0
DA:10,0
DA:11,0
DA:12,0
DA:13,0
DA:14,0
DA:15,0
DA:16,0
DA:17,0
DA:18,0
DA:19,0
LF:16
LH:0
end_of_record
SF:lib/models/image_filter.dart
DA:4,0
DA:5,0
LF:2
LH:0
end_of_record
SF:lib/models/tenant_sub_system_mapping.dart
DA:14,0
DA:15,0
DA:16,0
DA:17,0
DA:18,0
DA:19,0
LF:6
LH:0
end_of_record
SF:lib/models/tenant_filter.dart
DA:12,0
DA:13,0
LF:2
LH:0
end_of_record
SF:lib/models/user_notification_filter.dart
DA:12,0
DA:13,0
DA:14,0
DA:15,0
DA:25,0
DA:27,0
DA:28,0
LF:7
LH:0
end_of_record
SF:lib/providers/dio_image_provider.dart
DA:29,0
DA:32,0
DA:34,0
DA:35,0
DA:38,0
DA:39,0
DA:40,0
DA:43,0
DA:45,0
DA:48,0
DA:53,0
DA:57,0
DA:63,0
DA:64,0
DA:65,0
DA:68,0
DA:69,0
DA:72,0
DA:74,0
DA:75,0
DA:76,0
DA:78,0
DA:80,0
DA:81,0
DA:84,0
DA:85,0
DA:87,0
DA:88,0
DA:89,0
DA:91,0
DA:95,0
DA:98,0
DA:101,0
DA:102,0
DA:105,0
DA:106,0
DA:108,0
DA:110,0
DA:111,0
LF:39
LH:0
end_of_record
SF:lib/repositories/base_repository.dart
DA:14,0
DA:28,0
DA:29,0
DA:30,0
DA:32,0
DA:34,0
DA:35,0
DA:46,0
DA:47,0
DA:48,0
DA:50,0
DA:52,0
DA:53,0
DA:64,0
DA:65,0
DA:67,0
DA:70,0
DA:71,0
DA:82,0
DA:83,0
DA:84,0
DA:86,0
DA:88,0
DA:89,0
DA:100,0
DA:101,0
DA:102,0
DA:104,0
DA:106,0
DA:107,0
DA:118,0
DA:119,0
DA:120,0
DA:122,0
DA:124,0
DA:125,0
DA:136,0
DA:137,0
DA:139,0
DA:142,0
DA:143,0
DA:154,0
DA:155,0
DA:156,0
DA:158,0
DA:160,0
DA:161,0
DA:172,0
DA:173,0
DA:174,0
DA:176,0
DA:178,0
DA:179,0
DA:190,0
DA:191,0
DA:193,0
DA:196,0
DA:197,0
DA:208,0
DA:209,0
DA:211,0
DA:214,0
DA:215,0
LF:63
LH:0
end_of_record
SF:lib/utils/platform_utils.dart
DA:4,0
DA:13,0
DA:14,0
DA:15,0
DA:16,0
DA:17,0
DA:18,0
LF:7
LH:0
end_of_record
SF:lib/repositories/portal_tenant_repository.dart
DA:10,0
DA:11,0
DA:12,0
DA:13,0
DA:22,0
DA:24,0
DA:25,0
DA:27,0
DA:29,0
DA:30,0
DA:41,0
DA:43,0
DA:44,0
DA:46,0
DA:48,0
DA:49,0
LF:16
LH:0
end_of_record
SF:lib/repositories/repositories.dart
DA:10,0
DA:11,0
DA:13,0
DA:14,0
DA:15,0
DA:16,0
DA:17,0
DA:18,0
LF:8
LH:0
end_of_record
SF:lib/services/file_handler.dart
DA:8,0
DA:9,0
LF:2
LH:0
end_of_record
SF:lib/services/file_handler_io.dart
DA:6,0
DA:7,0
DA:10,0
DA:12,0
DA:13,0
DA:14,0
DA:16,0
DA:21,0
LF:8
LH:0
end_of_record
SF:lib/services/file_service.dart
DA:16,0
DA:17,0
DA:18,0
DA:22,0
DA:23,0
DA:24,0
DA:28,0
DA:29,0
DA:33,0
DA:34,0
DA:38,0
DA:39,0
DA:43,0
DA:44,0
DA:47,0
DA:48,0
DA:50,0
DA:55,0
DA:56,0
DA:60,0
DA:61,0
DA:62,0
DA:67,0
DA:68,0
DA:72,0
DA:73,0
DA:77,0
DA:78,0
DA:81,0
DA:84,0
DA:87,0
DA:90,0
DA:93,0
DA:96,0
DA:103,0
DA:112,0
DA:115,0
DA:117,0
DA:118,0
DA:120,0
DA:122,0
DA:123,0
DA:124,0
DA:126,0
DA:131,0
DA:135,0
DA:139,0
DA:140,0
DA:141,0
DA:145,0
DA:146,0
DA:148,0
DA:149,0
DA:150,0
LF:54
LH:0
end_of_record
SF:lib/services/notification_handler.dart
DA:40,0
LF:1
LH:0
end_of_record
SF:lib/utils/password_field_mixin.dart
DA:7,0
DA:8,0
LF:2
LH:0
end_of_record
SF:lib/widgets/atoms/app_image.dart
DA:8,0
DA:9,0
DA:11,0
DA:20,0
DA:28,0
DA:31,0
DA:33,0
DA:34,0
DA:35,0
DA:37,0
DA:38,0
LF:11
LH:0
end_of_record
SF:lib/widgets/atoms/biometric_login_button.dart
DA:27,0
DA:34,0
DA:35,0
DA:39,0
DA:45,0
DA:47,0
DA:48,0
DA:52,0
DA:54,0
DA:55,0
DA:57,0
DA:59,0
DA:60,0
DA:61,0
DA:63,0
DA:64,0
DA:65,0
DA:66,0
DA:68,0
DA:69,0
DA:70,0
DA:73,0
DA:74,0
DA:78,0
DA:79,0
DA:80,0
DA:92,0
DA:93,0
DA:96,0
DA:98,0
DA:99,0
DA:101,0
DA:102,0
DA:103,0
DA:104,0
DA:106,0
LF:36
LH:0
end_of_record
SF:lib/widgets/atoms/carbon_button.dart
DA:37,0
DA:48,0
DA:50,0
DA:51,0
DA:53,0
DA:54,0
DA:55,0
DA:58,0
DA:59,0
DA:60,0
DA:64,0
DA:65,0
DA:66,0
DA:69,0
DA:72,0
DA:75,0
DA:76,0
DA:77,0
DA:78,0
DA:79,0
DA:82,0
DA:83,0
DA:84,0
DA:85,0
DA:86,0
DA:87,0
DA:88,0
DA:89,0
DA:95,0
DA:96,0
DA:104,0
DA:105,0
LF:32
LH:0
end_of_record
SF:lib/widgets/atoms/field_label.dart
DA:23,0
DA:30,0
DA:32,0
DA:33,0
DA:35,0
DA:36,0
DA:37,0
DA:38,0
DA:39,0
DA:42,0
DA:43,0
DA:45,0
DA:46,0
LF:13
LH:0
end_of_record
SF:lib/widgets/atoms/icon_placeholder.dart
DA:6,0
DA:11,0
DA:13,0
DA:14,0
DA:15,0
LF:5
LH:0
end_of_record
SF:lib/widgets/atoms/loading_indicator.dart
DA:8,2
DA:14,0
DA:16,0
DA:17,0
DA:18,0
DA:19,0
DA:20,0
DA:21,0
LF:8
LH:1
end_of_record
SF:lib/widgets/atoms/text_status_badge.dart
DA:8,0
DA:9,0
DA:20,0
DA:27,0
DA:29,0
DA:31,0
DA:36,0
DA:37,0
DA:38,0
DA:39,0
DA:42,0
DA:43,0
DA:45,0
LF:13
LH:0
end_of_record
SF:lib/widgets/molecules/enum_status_badge.dart
DA:9,0
DA:14,0
DA:16,0
DA:17,0
DA:18,0
DA:19,0
DA:22,0
DA:23,0
DA:24,0
DA:29,0
DA:33,0
DA:37,0
LF:12
LH:0
end_of_record
SF:lib/widgets/molecules/social_sign_in_button.dart
DA:31,0
DA:39,0
DA:42,0
DA:45,0
DA:47,0
DA:48,0
DA:49,0
DA:50,0
DA:51,0
DA:52,0
DA:57,0
DA:58,0
DA:60,0
DA:61,0
DA:63,0
DA:65,0
DA:66,0
DA:67,0
DA:70,0
LF:19
LH:0
end_of_record
SF:lib/widgets/organisms/confirmation_dialog.dart
DA:5,0
DA:7,0
DA:29,0
DA:44,0
DA:45,0
DA:48,0
DA:50,0
DA:51,0
DA:52,0
DA:53,0
DA:56,0
DA:57,0
DA:58,0
DA:60,0
DA:63,0
DA:64,0
DA:65,0
DA:66,0
DA:67,0
DA:69,0
DA:72,0
DA:73,0
DA:74,0
DA:76,0
DA:78,0
DA:79,0
DA:80,0
DA:82,0
DA:84,0
DA:85,0
DA:86,0
DA:87,0
DA:91,0
DA:92,0
DA:93,0
DA:94,0
DA:96,0
DA:97,0
DA:98,0
DA:99,0
DA:102,0
DA:104,0
LF:42
LH:0
end_of_record
SF:lib/widgets/organisms/empty_component.dart
DA:7,0
DA:21,2
DA:30,0
DA:32,0
DA:33,0
DA:34,0
DA:37,0
DA:38,0
DA:39,0
DA:40,0
DA:41,0
DA:42,0
DA:45,0
DA:46,0
DA:48,0
DA:51,0
DA:52,0
DA:53,0
DA:55,0
DA:56,0
LF:20
LH:1
end_of_record
SF:lib/widgets/organisms/forbidden_component.dart
DA:7,2
DA:9,0
DA:11,0
DA:12,0
DA:13,0
DA:14,0
DA:15,0
DA:21,0
DA:22,0
DA:23,0
DA:24,0
DA:26,0
LF:12
LH:1
end_of_record
SF:lib/widgets/organisms/searchable_appbar_title.dart
DA:16,0
DA:26,0
DA:28,0
DA:30,0
DA:31,0
DA:33,0
DA:34,0
DA:35,0
DA:36,0
DA:37,0
DA:40,0
DA:41,0
DA:44,0
DA:46,0
DA:47,0
DA:48,0
DA:49,0
LF:17
LH:0
end_of_record
SF:lib/widgets/organisms/section_title.dart
DA:8,0
DA:14,0
DA:16,0
DA:17,0
DA:18,0
DA:24,0
DA:25,0
DA:26,0
DA:27,0
DA:28,0
DA:29,0
LF:11
LH:0
end_of_record
SF:lib/widgets/pages/page_forbidden.dart
DA:6,2
DA:8,0
DA:10,0
DA:11,0
DA:12,0
LF:5
LH:1
end_of_record
SF:lib/widgets/templates/bottom_sheet_container.dart
DA:11,0
DA:17,0
DA:19,0
DA:20,0
DA:21,0
LF:5
LH:0
end_of_record
SF:lib/widgets/templates/infinite_list_state.dart
DA:25,0
DA:26,0
DA:37,0
DA:41,0
DA:45,0
DA:46,0
DA:49,0
DA:51,0
DA:52,0
DA:55,0
DA:56,0
DA:57,0
DA:58,0
DA:59,0
DA:62,0
DA:64,0
DA:65,0
DA:66,0
DA:67,0
DA:70,0
DA:71,0
DA:74,0
DA:75,0
DA:78,0
DA:79,0
DA:82,0
DA:83,0
DA:84,0
DA:85,0
DA:86,0
DA:88,0
DA:92,0
DA:93,0
DA:94,0
DA:96,0
DA:97,0
DA:98,0
DA:100,0
DA:104,0
DA:105,0
DA:106,0
DA:110,0
DA:111,0
DA:113,0
DA:114,0
DA:115,0
DA:116,0
DA:117,0
DA:118,0
DA:120,0
DA:121,0
DA:122,0
DA:124,0
DA:125,0
DA:129,0
DA:132,0
DA:133,0
DA:135,0
DA:136,0
DA:137,0
DA:138,0
DA:139,0
DA:140,0
DA:149,0
DA:150,0
DA:151,0
DA:154,0
DA:156,0
DA:158,0
DA:160,0
DA:162,0
DA:163,0
DA:167,0
DA:172,0
DA:173,0
DA:174,0
DA:178,0
DA:180,0
DA:181,0
DA:182,0
DA:183,0
DA:184,0
DA:187,0
DA:189,0
DA:190,0
DA:191,0
DA:194,0
DA:195,0
DA:196,0
DA:198,0
DA:199,0
DA:202,0
DA:205,0
DA:206,0
DA:207,0
DA:208,0
DA:209,0
DA:213,0
DA:214,0
DA:215,0
DA:216,0
DA:217,0
DA:218,0
DA:219,0
DA:220,0
DA:221,0
DA:223,0
DA:225,0
DA:226,0
DA:228,0
DA:230,0
DA:239,0
DA:240,0
DA:241,0
DA:242,0
DA:243,0
DA:250,0
DA:254,0
DA:258,0
DA:264,0
DA:270,0
DA:276,0
DA:282,0
DA:284,0
DA:285,0
DA:286,0
DA:287,0
DA:288,0
DA:289,0
DA:291,0
LF:130
LH:0
end_of_record
