SF:lib/json/json_boolean.dart
DA:12,1
DA:18,1
DA:20,1
DA:27,1
DA:29,1
LF:5
LH:5
end_of_record
SF:lib/json/json_model.dart
DA:33,3
DA:36,3
DA:39,3
DA:42,5
DA:45,5
DA:48,1
DA:49,4
DA:55,1
DA:57,1
DA:58,3
DA:59,2
DA:60,2
DA:61,1
DA:64,1
DA:65,2
DA:66,2
DA:67,2
DA:68,1
DA:71,1
DA:72,2
DA:73,2
DA:74,2
DA:75,1
DA:78,3
DA:79,2
DA:80,1
DA:81,1
DA:82,2
DA:83,1
DA:84,1
DA:85,1
DA:90,3
DA:91,2
DA:92,1
DA:93,1
DA:94,2
DA:95,1
DA:96,1
DA:97,1
DA:102,3
DA:103,2
DA:104,1
DA:105,1
DA:106,2
DA:107,1
DA:108,1
DA:109,1
DA:114,2
DA:115,2
DA:116,3
DA:119,3
DA:120,4
DA:123,3
DA:124,4
DA:127,3
DA:128,4
DA:138,1
DA:140,1
DA:141,2
DA:142,3
DA:143,2
DA:144,2
DA:145,2
DA:149,1
DA:150,1
DA:152,2
DA:163,1
DA:165,2
DA:178,1
DA:179,2
DA:180,2
DA:181,1
DA:184,2
DA:195,1
DA:196,2
DA:197,2
DA:198,1
DA:202,2
LF:78
LH:78
end_of_record
SF:lib/json/json_date.dart
DA:13,1
DA:14,1
DA:17,1
DA:18,1
DA:19,2
DA:20,3
DA:21,5
DA:32,1
DA:33,1
DA:34,1
DA:35,1
DA:48,1
DA:54,1
DA:56,2
DA:63,1
DA:65,1
DA:66,2
DA:69,1
DA:79,1
DA:82,1
DA:85,2
DA:92,1
DA:94,3
LF:23
LH:23
end_of_record
SF:lib/json/json_list.dart
DA:14,1
DA:15,2
DA:22,1
DA:23,1
DA:29,1
DA:32,0
DA:35,1
DA:36,1
DA:39,1
DA:40,3
DA:41,2
DA:42,1
DA:44,1
DA:52,1
DA:54,5
DA:67,1
DA:68,1
DA:71,4
DA:72,2
DA:74,2
DA:85,1
DA:86,1
DA:87,1
DA:88,0
DA:90,4
DA:91,0
DA:93,2
LF:27
LH:24
end_of_record
SF:lib/json/json_field.dart
DA:21,2
DA:24,2
DA:27,2
DA:30,2
DA:33,2
DA:42,1
DA:43,1
DA:53,1
DA:56,1
DA:57,0
DA:59,1
DA:60,3
DA:61,3
DA:68,1
DA:69,3
DA:75,1
DA:81,0
DA:82,0
LF:18
LH:15
end_of_record
SF:lib/json/json_integer.dart
DA:26,1
DA:32,1
DA:33,1
DA:57,1
DA:59,1
DA:60,1
DA:63,1
DA:64,2
DA:82,1
DA:84,1
LF:10
LH:10
end_of_record
SF:lib/json/json_double.dart
DA:26,1
DA:32,1
DA:33,1
DA:57,1
DA:60,1
DA:63,1
DA:64,1
DA:67,1
DA:68,2
DA:71,1
DA:72,2
DA:77,0
DA:79,0
DA:96,1
DA:98,1
LF:15
LH:13
end_of_record
SF:lib/json/json_number.dart
DA:12,1
DA:18,1
DA:19,1
DA:25,1
DA:27,1
DA:28,1
DA:31,1
DA:32,2
DA:41,1
DA:43,1
LF:10
LH:10
end_of_record
SF:lib/json/json_object.dart
DA:14,1
DA:20,1
DA:22,1
DA:23,2
DA:25,1
DA:32,1
DA:35,0
DA:38,1
DA:39,1
DA:42,1
DA:43,2
DA:44,1
DA:45,1
DA:53,1
DA:55,2
DA:68,1
DA:69,1
DA:72,3
DA:73,2
DA:74,1
DA:77,0
DA:88,1
DA:89,1
DA:90,1
DA:91,0
DA:93,3
DA:94,2
DA:95,1
DA:99,0
LF:29
LH:25
end_of_record
SF:lib/json/json_string.dart
DA:12,1
DA:18,1
DA:20,1
DA:27,1
DA:28,1
LF:5
LH:5
end_of_record
SF:lib/extensions/datetime.dart
DA:6,0
DA:7,0
DA:10,0
DA:11,0
DA:14,0
DA:15,0
DA:18,0
DA:19,0
DA:22,0
DA:23,0
DA:26,0
DA:27,0
DA:30,0
DA:31,0
DA:34,0
DA:35,0
DA:36,0
DA:39,0
DA:40,0
DA:44,0
DA:45,0
DA:49,0
DA:50,0
DA:51,0
DA:52,0
DA:53,0
DA:57,0
DA:61,0
DA:63,0
DA:64,0
DA:65,0
DA:66,0
DA:70,0
DA:71,0
DA:81,1
DA:84,3
DA:90,0
DA:91,0
DA:100,0
DA:101,0
DA:102,0
DA:103,0
DA:104,0
LF:43
LH:2
end_of_record
